[RUN #0 5 10]
902 858 962 -10 -755
910 -75 -351 -525 354
645 216 515 -800 27
-511 598 -156 -713 389
262 636 206 -590 -133
-815 692 -20 -853 -864
-187 -737 -322 -113 -626
153 308 203 -680 14
274 -99 688 613 684
757 656 -964 -509 716
[RUN #1 5 10]
625 -330 -931 -673 -603
-278 275 671 -252 -448
-592 -877 -406 -629 727
-172 74 -416 -686 -440
92 183 712 967 -523
517 -649 -158 -822 -663
568 814 563 -928 -85
-794 512 773 528 -598
-443 105 332 44 -864
-354 -629 282 -176 171
[RUN #2 5 10]
962 899 -992 -518 -335
690 -319 -865 -855 976
-665 63 668 386 377
-364 191 650 744 317
-184 -355 -557 -900 944
-737 -637 158 -831 -80
-5 -250 432 634 392
-57 585 338 -350 -477
-717 746 -852 -552 -944
-74 -205 -712 360 -111
[RUN #3 5 10]
598 165 -761 170 -371
624 625 670 -706 504
-526 57 -612 723 839
463 942 440 -246 -429
-977 -156 793 685 -606
14 -987 736 730 -123
392 -736 -692 -744 290
-47 985 -709 -18 -485
-554 569 -897 704 837
-723 241 -343 -157 852
[RUN #4 5 10]
182 527 -616 -422 261
-966 -104 -787 675 -694
-772 1 -162 -983 -113
-517 -909 296 660 849
-762 156 635 -443 -669
-81 909 21 -537 -426
517 -288 -598 -95 854
-772 -323 93 -604 690
-677 -143 -185 913 -835
-1000 116 210 841 480
[RUN #5 5 10]
-603 -495 627 -578 426
226 380 667 -468 -289
199 -372 91 599 -137
-780 105 864 84 865
758 35 174 -963 -375
116 -971 149 639 0
159 -611 -845 -467 178
-598 -974 -289 89 -202
-142 -278 -309 -651 67
420 -73 864 -443 -100
[RUN #6 2 10]
-530 -317
-54 524
-578 -125
640 147
-96 667
975 130
393 664
-473 596
-936 -942
-347 281
[RUN #7 1 10]
-838
-35
250
-288
-348
700
-35
-622
537
285
[RUN #8 1 10]
775
329
636
751
186
-876
926
-862
-546
-990
[RUN #9 2 10]
-689 602
664 467
-772 -588
805 -534
-464 -632
-963 318
643 883
170 -112
-713 527
-380 -12
[RUN #10 3 10]
-179 -184 653
486 -67 -548
-630 330 534
200 -451 514
456 -326 -545
256 785 -354
33 153 -544
-544 -673 329
229 -500 409
-294 -378 392
[RUN #11 4 10]
816 238 -316 840
57 5 -910 415
-956 74 -998 -394
433 -183 -620 564
42 781 -127 826
790 -48 769 672
-425 377 -357 54
-737 -463 966 -36
682 -816 805 750
722 -657 -281 306
[RUN #12 5 10]
-371 139 -720 867 -41
87 -328 887 741 411
-580 723 258 916 -259
296 -937 108 487 731
654 548 -419 130 -270
-877 -848 988 264 120
-742 -526 288 231 -541
-615 -639 -439 -271 611
633 704 115 -158 523
230 542 587 -242 -815
[RUN #13 100 10]
937 638 -101 -93 -472 -726 818 -507 554 266 -293 781 -409 845 -784 359 104 849 -429 103 202 645 761 900 52 -257 -614 -967 -574 -893 -140 -897 881 -170 75 -385 -876 49 -128 -881 889 -806 -205 -731 865 758 917 485 -391 -454 442 -656 598 181 -70 -764 -1000 -838 -804 401 -29 -305 726 -657 -882 901 723 222 -633 -802 510 -766 -505 -142 -963 393 183 -456 -841 859 993 -781 498 54 -209 -737 850 -641 852 -562 5 -531 40 147 484 -989 -746 488 381 561
-4 917 370 -37 -122 -295 471 525 368 -858 -754 464 -225 569 -573 -45 665 -561 -930 -568 284 877 -79 535 -593 896 -513 878 581 -490 -126 734 -776 -286 -194 974 -695 781 861 326 -223 -472 -730 800 555 -1 -365 -951 155 -432 212 195 679 -81 863 -417 -512 -839 -59 -196 -713 -243 197 519 -597 293 12 -822 -282 855 737 545 29 71 -95 -859 712 -666 337 -233 394 -407 887 -669 -643 355 -279 -283 547 -544 358 973 -3 7 -661 -476 -152 677 -128 -700
771 356 719 -941 985 -834 274 460 759 577 276 71 987 237 429 -497 -454 -968 55 -371 979 -71 403 -741 -48 -273 244 936 -715 829 913 661 958 -800 907 -26 -58 -206 -124 -126 -758 802 311 225 -923 -973 725 484 515 -878 188 692 -390 869 957 676 493 942 -645 -778 18 -179 -380 983 -640 518 641 919 -779 -185 -363 601 557 -728 -211 107 -777 952 -505 674 209 478 171 522 467 315 396 -745 -30 -104 -961 -35 -224 -5 -72 671 752 -135 432 -598
933 -350 407 -164 -213 -789 940 -232 807 93 557 -187 -199 512 -811 -184 -53 -600 -707 -139 -304 -837 579 176 610 -392 409 -58 85 936 204 -778 -366 550 742 947 -998 167 194 -75 -655 -332 0 -482 919 -385 -604 -733 891 292 -550 -572 -673 477 581 -448 -114 37 390 -671 600 -596 -614 -609 196 821 -926 -959 -99 -776 965 -289 -463 -113 429 -810 58 960 -947 -782 -542 -765 -427 -936 970 702 670 -626 -783 992 605 -716 341 552 925 -152 -476 -339 -594 777
-679 -532 -190 228 193 133 -82 396 927 -346 844 456 -895 -383 444 475 -136 583 -270 -517 -728 -257 -744 734 386 876 -205 -219 154 -323 -484 -456 941 848 605 -442 901 823 441 -26 -34 -18 984 592 973 520 -110 129 713 951 -467 -395 -865 -850 -889 -912 -393 -797 -521 821 -172 836 936 517 879 -57 -957 222 -513 227 -347 288 60 -114 -264 657 744 -926 939 296 -426 -661 979 128 732 -90 -789 -710 -515 -189 -255 958 -511 -25 88 -228 -422 -380 -299 -407
195 614 525 -741 -614 -1 -515 250 230 -981 -977 336 -109 -573 -697 392 143 -848 -840 -748 -27 637 -782 -965 -413 817 -943 -628 672 522 -991 23 -774 101 -275 876 -531 -834 -990 -548 6 553 736 -904 837 -900 611 204 391 -962 -873 622 81 862 806 590 999 842 268 431 -791 444 912 -357 -653 -851 -585 131 998 494 196 29 -169 913 477 -171 808 -270 155 595 697 26 -14 -401 -920 -495 261 -891 -394 564 -629 198 292 -12 993 -707 -46 -509 174 760
920 244 -508 -330 747 931 -139 -346 627 427 -6 79 50 -607 439 852 -248 502 55 -653 33 -650 604 486 -158 752 -537 572 -590 -690 984 371 -360 400 -624 471 824 -506 950 -347 205 103 496 -578 -458 -168 -122 23 419 908 -299 53 10 -153 872 116 960 986 697 -446 435 -123 -468 223 611 955 130 -891 159 143 -144 -361 -198 359 -95 -864 268 -865 -616 -268 -307 619 41 764 516 -901 865 562 -533 951 559 126 -636 -712 -959 104 -262 -777 -278 300
-543 -497 -896 451 -20 324 -148 438 -993 782 -103 -141 508 464 -55 -109 -719 55 655 590 -271 -980 402 308 -18 906 598 485 922 -818 159 157 740 945 419 77 177 368 384 440 -332 -43 -508 317 49 506 -812 -723 764 -815 132 111 -49 783 -588 -93 958 -318 852 793 -658 39 -908 501 -864 -256 -192 -769 212 -173 -435 785 -102 896 -389 280 470 -788 -480 -359 618 697 342 668 -937 718 -674 -236 596 -37 661 -132 -453 316 88 -877 -309 -910 87 767
264 -530 -295 93 -261 -828 -391 -236 254 -711 -571 -664 926 374 16 -220 218 -128 54 871 483 699 481 -895 -431 -82 489 -801 491 -353 -20 806 -228 981 380 -570 192 785 888 -924 207 66 -552 -69 368 -346 83 882 691 -25 450 492 260 -852 -159 -34 657 193 -561 343 -935 300 -435 456 201 -213 546 -122 555 -752 -638 187 290 542 -946 -121 -738 -60 -333 -932 -721 925 829 464 462 88 -713 604 -62 939 298 -358 -129 -384 487 -851 -243 -623 916 883
-527 -679 -404 800 373 -319 585 681 315 683 -82 429 233 888 -667 754 -429 -655 616 -726 -208 921 398 293 352 -259 77 995 45 -885 -157 272 -540 794 79 958 -33 -28 514 -93 -595 -579 -541 878 442 -501 809 708 456 739 -988 978 48 910 461 566 -826 659 338 -183 -965 -936 -573 -114 876 -559 -961 418 -442 -611 -364 523 940 -16 -446 -74 154 555 476 460 -849 144 401 -913 894 -209 -70 161 -881 843 491 111 -507 78 -142 -219 654 -943 -577 -9
[RUN #14 5 100]
-53 -295 -403 285 196
785 642 -915 -767 -22
-311 -712 -421 67 -550
354 729 347 -83 -340
-955 -350 -754 -793 952
541 991 -637 -891 -594
566 -577 89 -924 -718
-927 -153 244 -878 280
-715 -264 -800 -872 972
-724 77 678 -522 -959
-855 298 -536 -718 -118
59 -709 794 641 -731
-702 -888 -150 -134 -570
-559 426 -954 944 394
384 -108 758 658 119
-74 -363 803 324 772
-613 42 -718 642 -729
433 310 -239 538 314
-166 -797 388 386 -130
-91 235 804 -668 170
-424 -889 -509 -72 532
-719 462 -602 933 -153
-390 283 703 -864 -454
-335 -52 320 887 -134
933 -766 750 648 -380
835 -993 870 -352 663
-170 -425 -846 -234 -993
885 -381 200 194 694
416 -451 81 -707 521
-926 858 607 212 -17
618 319 758 -261 569
-767 166 525 -679 190
-861 -144 935 702 494
-898 986 368 -908 -399
-636 -678 -274 394 -912
64 -611 112 -621 413
34 655 439 -742 -345
-5 -914 -746 -622 223
487 -957 355 547 -76
-668 -186 430 377 863
695 -451 416 -539 438
-362 -220 521 -160 -503
291 -910 -395 469 713
206 845 -310 -482 -301
-230 -142 -333 499 629
-364 727 810 445 -297
421 386 259 -446 -26
-84 38 712 286 -991
-105 -186 -137 -746 -38
635 -593 702 -2 872
-388 497 -852 -892 167
956 -779 268 291 658
420 712 472 -754 549
-92 978 -714 -915 -187
599 -852 -808 503 627
-811 828 -648 -352 -50
-139 -418 631 -444 -858
-983 111 -907 142 -2
-449 -184 971 456 -987
-33 149 145 436 967
-883 419 -506 -372 -395
-112 561 709 265 -977
-226 -857 705 -836 413
686 -62 -239 -247 -720
475 -927 -749 623 889
-981 -164 -223 895 54
630 -74 -464 888 654
-42 -650 914 -228 541
973 -542 -559 38 -951
549 -374 200 972 608
-695 167 -413 -8 552
-104 763 -600 536 495
248 -326 963 -735 -388
176 202 395 851 -63
879 -770 -41 -794 5
-471 -112 87 -290 658
726 -835 -616 -608 -867
939 -209 -558 270 886
-288 998 -196 -111 -550
-534 -729 -407 142 -758
362 -971 -236 -421 -288
-895 918 47 750 -607
-439 -346 -251 108 915
859 581 -205 171 -478
-166 246 -724 182 901
-562 -701 -750 287 -882
623 323 -901 97 581
-457 916 -697 148 -480
-143 -573 433 290 -466
-543 -169 -840 375 -225
-679 704 137 -63 -721
-654 424 282 667 410
-797 -182 79 24 202
-875 -324 -274 -681 -184
460 153 -399 741 -800
-446 621 -876 416 890
535 796 -757 37 485
68 -512 969 -410 145
-775 -148 521 -307 -532
408 380 -283 81 25
[RUN #15 100 100]
158 -93 774 177 -421 -434 619 -267 783 326 -943 77 -35 -394 -74 -65 793 148 244 -195 820 178 712 -670 -86 -79 -325 997 229 -70 413 230 304 163 -757 -160 79 860 -1 109 -208 644 -183 707 528 -443 -803 294 772 -796 -718 -266 344 -780 991 -742 -722 151 218 25 -654 429 439 200 483 546 831 240 409 -975 -580 652 -789 -945 -699 564 63 181 909 611 715 952 -173 753 -210 -769 -84 -552 168 -377 -902 -821 -875 957 130 -724 902 -898 935 475
-797 254 438 -25 436 879 -748 -635 -434 -559 102 380 99 921 483 381 -926 395 797 -866 830 372 220 -916 -42 -579 410 649 -884 264 421 245 17 -336 -210 680 -399 -803 207 455 674 -880 -309 -18 725 678 699 -539 -58 -440 314 515 -558 982 -883 -335 544 376 -780 -50 -381 555 158 351 522 -857 -637 775 899 -504 821 475 -718 -12 -51 347 -248 -48 -983 -498 -5 909 339 652 -909 -771 -229 848 -977 619 -898 390 -560 792 880 -157 279 -952 198 46
444 792 197 240 -100 -32 55 -957 -934 -52 -624 779 -965 632 299 556 -488 52 -909 108 -736 -575 813 384 -978 -998 -947 -882 -96 -743 693 851 -741 -201 449 -576 176 -734 -788 -983 -766 -619 -802 515 -496 -750 282 646 793 -502 -423 -704 -731 -985 -388 222 106 84 -204 -323 -582 235 227 -368 -5 -522 382 862 602 154 -119 95 485 -745 924 636 -833 -954 248 364 657 991 165 -774 267 -910 688 -885 667 907 644 398 348 171 356 634 945 974 -763 -862
482 214 720 775 -808 836 -753 786 -988 702 -869 429 948 -723 -396 157 -230 25 834 -693 491 724 -973 799 -603 -224 -258 689 139 722 564 371 987 -368 205 203 -367 -279 34 419 -37 -553 87 -92 -482 -945 -259 747 437 695 826 -137 -320 620 -914 345 -310 527 -489 406 -117 29 664 282 -835 347 581 811 -812 -621 561 -488 221 709 -897 175 893 -651 735 -48 555 -99 930 963 -516 -944 -846 -513 -492 -47 559 -712 553 -318 -739 477 998 -466 11 -299
-519 -242 -488 896 251 -337 843 50 809 26 -184 -962 -724 -377 273 -802 -563 780 -218 810 823 897 -12 -429 242 -716 724 -630 -706 -794 -219 230 -44 7 429 698 -243 319 1 -871 -78 205 104 265 852 449 44 931 673 -221 -674 -3 -481 -601 -603 -995 -905 -118 -415 -626 723 181 218 269 890 197 825 -372 844 -419 586 370 329 516 611 291 -169 -493 -722 726 -662 -566 431 151 -456 -699 -675 832 670 326 472 -866 8 243 -54 908 -788 992 332 -870
469 828 285 322 66 -680 626 564 534 886 853 498 770 126 -976 -654 -10 -355 966 -189 -513 -934 -827 605 -598 260 703 -723 548 -96 -329 833 130 -702 52 638 -192 -86 -629 241 984 101 -604 525 -973 -854 -986 -352 -172 46 -634 560 7 -8 -326 -613 -472 765 -894 -711 -63 78 -288 -144 94 769 594 -859 727 -230 95 -436 -539 -222 -656 729 -183 -405 -410 198 558 442 623 -478 -717 -666 493 -517 -122 632 -705 -108 -564 541 735 979 -905 -890 173 -250
-169 62 247 -599 -451 -592 652 567 -646 -655 -933 -25 98 -16 -391 -847 311 26 -621 -719 4 355 -292 229 909 -346 306 -359 374 -195 -79 164 153 -321 -233 354 -891 645 617 684 503 -500 353 397 735 982 410 -565 771 815 -815 -223 478 445 -881 197 948 777 858 785 343 826 -875 668 -907 -574 -901 -156 -399 742 -367 -942 136 -288 -948 205 -12 39 -476 -34 -434 -7 -701 -15 621 637 213 898 -147 -514 510 508 -484 544 127 -672 721 -175 -20 -992
[RUN #16 500 100]
-457 982 -882 -667 -167 192 545 528 274 99 -305 473 -507 128 121 177 737 -84 -996 -957 291 -24 821 -273 149 734 -624 639 376 -250 -141 857 -2 310 -127 -508 334 -339 199 -992 -787 -291 -4 938 -770 -244 -561 -532 806 84 218 236 -693 166 -256 129 1 -171 -274 -831 843 -159 -413 -555 -45 940 739 16 345 446 -499 139 -661 800 429 -657 698 -119 289 -369 -972 488 -239 -808 339 407 -77 253 93 -461 -381 991 415 100 612 -883 -429 -847 197 537 -926 605 490 -905 -554 396 -114 -965 -157 -243 -504 433 -66 -940 -120 -128 398 -616 -225 132 841 -500 -631 -52 -496 541 921 -523 916 -393 -878 352 -155 -53 511 -88 -47 -802 -109 602 -302 -894 40 -956 -259 -214 989 941 -526 356 804 -325 748 248 949 -68 150 47 -216 -620 -768 779 -543 -524 246 908 761 64 -253 213 -970 717 -922 -585 -714 -19 -855 774 -535 66 10 273 423 -806 321 335 -560 808 959 275 37 560 -716 -643 -410 922 153 125 353 403 190 367 -573 169 919 -566 -739 -295 -513 -737 -785 -823 450 -978 388 -658 -942 722 -873 -738 -222 826 -190 -177 -318 859 791 434 -587 -180 -563 647 281 635 -944 301 -336 496 864 -862 -89 402 -343 455 -849 -427 -415 954 -301 -576 -298 -215 4 -848 875 -612 896 210 709 755 848 888 -648 -471 -597 -110 697 -58 278 140 -876 439 264 45 -607 522 550 -564 203 736 822 -864 -103 930 327 554 -683 -140 -799 -810 -790 49 -812 -575 524 69 -1000 -577 -104 828 -985 976 870 -439 860 249 610 44 638 588 -641 572 546 -776 573 485 -527 104 798 469 0 -212 -75 385 547 539 735 -129 59 -797 598 -473 431 811 -271 -740 538 -272 13 53 -674 298 224 309 -634 666 478 -927 158 -168 -521 515 -18 -605 459 -681 74 751 -326 552 -462 -14 317 252 159 151 651 813 -315 -562 948 -951 -300 984 378 582 -232 -116 379 712 -798 925 766 -149 -559 280 981 -442 -83 -246 -946 -402 -982 -382 -890 211 -352 -341 -695 341 785 553 652 -734 -685 -753 972 -505 -722 393 -954 -914 555 180 -350 -763 -497 -489 912 -331 529 861 447 -158 -480 913 362 -193 781 -781 346 -428 481 -803 -3 -800 -707 -32 322 -430 -675 306 839 243 -220 -165 -451 619 -319 -679 25 -479 563 -502 -264 520 500 -436 328 659 637 464 268 -417 302 202 -625 70 -896 662 142 -931 -728 -440 -518 -974 -599 -995 -455 88 -69 171 330 825 901 -316 -909 299 581 708 -349 866 -669 966 762 412 744 -912 -793 658
534 410 718 482 312 -985 -515 -562 -67 688 477 -159 445 808 -459 -900 301 974 583 -733 -182 268 -901 -557 -26 -912 634 -203 948 -517 179 898 658 -539 271 259 357 -676 418 347 -451 -334 -684 -933 643 -198 918 -405 864 552 875 -921 -617 -28 727 -112 90 -737 870 -572 457 962 575 -478 287 107 -22 130 112 -992 270 362 -929 633 955 -122 958 -672 -643 -602 479 346 768 12 -649 159 116 -265 -619 -224 -919 -149 181 432 421 198 -206 -732 593 -598 884 96 302 -615 801 862 456 -808 240 -664 717 -74 592 226 160 627 243 -59 980 -53 -740 23 -736 396 -695 -216 900 348 852 -810 591 856 -842 -169 -9 929 565 -546 413 756 648 142 -642 -947 842 -81 498 -630 -956 712 -331 31 -282 54 987 -45 -806 752 488 -449 -394 -670 -480 -207 151 -543 1 769 -595 -158 123 -993 463 15 642 -951 -589 -831 -356 831 807 -728 -434 -153 166 235 50 -735 -65 58 -491 -957 -509 -535 121 -712 732 922 605 663 509 -931 -415 -235 187 -82 473 595 770 889 -727 557 308 -48 539 780 -582 600 501 -613 323 -79 -138 -599 221 686 392 836 514 244 -581 881 307 426 -718 -867 231 687 -968 562 -227 -14 143 505 745 507 10 742 -965 170 941 855 -361 -250 976 655 874 -635 829 529 -761 790 699 -222 412 299 183 371 -660 657 14 -633 -476 -335 -468 -857 -307 -954 356 -423 106 -211 774 -285 -448 -834 115 -648 -698 614 113 239 646 751 887 148 -813 902 475 -117 27 -389 973 -106 -607 -637 -752 -709 713 -759 695 98 610 -173 -872 -21 913 241 -100 -467 39 -888 -626 -392 407 228 782 -218 -830 -344 103 -937 20 -846 824 722 705 -258 -685 247 428 -245 322 -452 -560 -175 805 -39 -450 -601 -798 -885 -742 -166 419 122 -96 923 823 402 537 -41 -915 -47 -11 30 279 281 661 180 -305 -436 351 579 545 304 617 631 -297 291 17 -544 -300 611 -710 -150 214 -655 -317 814 -241 -323 908 -8 119 344 -564 698 272 680 -427 324 -820 759 598 990 205 710 335 594 7 671 -453 882 -242 -644 -780 -414 690 190 -46 440 290 210 -861 -469 -438 -922 -248 -292 -971 184 -755 649 915 -865 -477 602 -904 -267 590 -634 781 147 879 -225 -362 366 -679 194 -76 942 -62 233 -522 150 109 303 -141 578 368 -884 -629 -790 -738 -623 258 912 126 897 -25 -854 -593 -327 -442 504 934 789 129 -473 917 61 -396 560 858 -793 -214 437 -263 -1 628 832 -441 -578 -680 -999 616 -409 558 -843
-934 -895 350 -757 -301 -239 718 413 79 264 -742 791 832 -211 508 71 980 381 273 -888 62 -574 -195 -609 -767 896 92 -932 -198 -694 -955 -487 -72 895 -669 -273 637 -453 -930 132 -740 -822 -10 227 -894 -187 636 883 -104 -784 -556 811 -46 -167 215 -827 772 -858 592 -973 -219 506 -918 693 -821 -564 685 -334 -967 490 347 -524 -808 -128 299 -880 522 -284 -833 617 -186 89 208 102 -853 991 975 -989 735 -243 -926 352 554 864 915 -600 985 680 -876 -516 -397 -777 422 -106 -264 -671 656 29 451 604 -79 -637 -395 444 165 -642 -164 -294 732 183 -231 487 563 492 545 -940 614 361 90 -961 -19 805 872 -643 -491 441 -835 -938 23 447 -965 -656 -500 973 -913 823 224 716 789 -48 553 794 329 737 808 27 -721 502 -282 116 -551 -871 -660 -635 209 -283 -621 -743 -438 -698 145 -993 -612 977 -806 634 891 927 -399 366 49 374 999 987 44 -434 400 294 713 873 -166 -314 600 -33 57 -845 275 228 -626 757 41 -627 731 -263 -710 -533 -714 688 -103 99 829 -497 -959 39 181 351 33 -866 448 376 -559 -988 798 -477 -416 802 -996 383 -704 435 529 379 752 550 -763 -589 -744 -939 21 -111 969 -805 828 196 -357 -91 -535 421 -320 97 -764 -4 -418 -699 -547 -665 -896 679 -920 784 -650 -549 -277 -274 -518 -447 309 795 95 186 -659 201 -256 -919 -245 -464 -585 -730 -963 -85 826 94 235 867 373 589 131 -3 -783 -861 59 -729 -165 420 258 -86 -569 -318 -837 -51 504 725 -30 301 890 630 -891 -215 572 91 881 771 389 460 416 484 -313 -770 -431 48 -424 -681 595 7 333 -55 548 172 18 588 195 -537 -419 -325 -573 66 469 -163 982 531 -592 -532 998 -776 686 -935 639 -36 537 813 491 171 -28 -331 759 720 -917 -276 -504 -552 687 -490 56 -995 -614 363 253 -975 -403 -691 -37 -668 -553 756 134 111 -449 103 355 562 -662 -604 -781 305 539 -807 -430 -910 26 -39 773 -883 -409 888 -979 109 -582 -616 182 -374 825 935 919 -636 -32 -950 958 303 191 -909 526 88 -644 -150 633 -630 848 786 -773 816 -839 -119 240 974 70 300 -571 -61 241 -701 58 -208 513 282 -76 486 152 567 326 118 -484 783 35 671 -158 -390 719 72 -509 742 493 193 -632 278 893 -469 -570 -414 17 -731 -193 944 727 620 968 -696 -852 203 507 55 641 -848 -657 590 -376 -527 419 -102 -511 -558 781 220 -683 800 744 -875 510 -801 30 470 438 -201 51 108 -38 -8 912 -115 -889 -206
867 -828 -677 559 -580 -721 -254 456 -250 122 -499 -275 712 549 -539 636 828 491 -106 -195 -482 -446 -900 691 -768 -918 682 220 113 988 -525 894 -51 -598 79 601 -642 -25 -78 -620 -492 -56 -477 -19 762 -324 -259 507 -336 -503 692 196 -886 -26 -430 -235 732 505 -248 25 775 -320 647 172 883 914 -377 -475 502 930 578 819 -218 280 519 937 93 -591 -595 888 -330 -444 482 285 -776 -271 -948 284 -973 679 -745 -151 -67 -867 -978 -47 126 -285 -242 -64 -838 -874 902 -296 -608 -880 551 -614 530 -40 231 429 -882 319 -673 -579 -917 710 -464 932 165 705 466 -383 -179 80 473 866 817 -286 -241 -10 -390 426 -512 -751 -724 996 -133 563 497 143 -786 -654 121 19 515 300 -737 670 982 45 -454 -369 760 -559 -163 138 -532 408 -453 792 -876 740 -902 -292 605 -429 -60 0 -398 741 -467 662 -14 872 -934 612 -32 904 493 -961 -690 60 356 784 917 495 210 321 539 554 669 -736 877 687 -368 171 822 -582 215 -117 62 960 -940 310 574 729 -428 124 -506 -999 -906 200 -447 314 -561 250 -723 -44 -43 292 213 -100 434 -91 -896 -601 433 451 -290 -785 326 -298 -799 -949 370 -169 973 -404 -911 209 528 -289 -811 233 349 -647 540 -155 -941 816 -114 584 -57 -632 -228 -629 40 -796 -353 681 251 -622 771 506 67 -226 496 -371 -810 -105 -790 -150 622 -299 603 -282 388 -887 -565 -696 -194 253 438 -602 -29 332 -214 443 827 -583 -479 435 -402 -975 -698 413 -407 993 -328 -530 799 268 444 485 861 14 -38 -54 -206 821 211 -792 -938 -297 258 -916 -774 -307 -138 -24 442 -323 -448 -386 -294 -121 -995 -683 118 51 -803 730 468 -890 -190 947 -612 952 737 953 -33 185 35 -474 503 931 990 -697 404 381 -794 149 -484 -459 -181 238 178 900 906 461 -627 981 575 -460 -848 87 -739 674 -341 224 590 -408 418 604 73 -720 244 -510 -411 656 65 -201 197 776 -763 -923 -203 -391 -365 -196 66 -258 701 232 214 719 -487 779 639 830 325 -281 293 978 589 153 -139 170 -378 -969 967 -145 -174 -468 -749 939 535 -700 -722 -946 378 27 673 717 -149 -481 -773 -74 800 -335 458 680 -502 823 968 -102 -39 377 448 159 -635 56 283 -735 36 672 696 163 94 998 -567 855 299 -132 887 -962 39 -518 -423 223 -127 494 -257 868 626 -483 -69 -571 88 -265 64 -333 972 734 146 961 609 308 -905 -706 516 -879 229 -752 -564 -901 561 -152 334 -894 316 425 420 57 922 -172 142 644
-416 -176 -514 -456 -632 -900 -991 -307 -850 -527 -124 321 -227 -536 470 -537 -135 558 57 934 575 360 560 -118 -247 78 753 -218 950 -497 267 -621 -91 390 -602 725 -911 -436 759 895 -701 -508 973 -937 241 36 159 -557 733 -643 792 343 -279 -951 6 467 -983 -970 -415 856 579 -583 -253 84 -721 495 -710 777 -342 211 -591 296 -999 517 309 345 -767 281 67 -375 -171 126 -400 248 823 661 79 -179 897 -430 161 434 -252 329 253 168 -457 -258 853 770 436 -787 227 693 -852 -982 -5 515 440 -22 627 -376 -151 -622 -244 -36 -865 280 473 -628 -68 960 -629 -200 -648 233 -680 224 9 596 4 572 -69 -264 31 463 665 626 -963 237 -507 376 -996 -553 628 433 658 850 603 524 609 -374 555 922 -320 152 557 -726 512 -111 -858 -863 -875 -923 677 -928 611 -844 696 -713 337 -791 689 268 2 322 -886 -675 -561 -152 320 -312 -469 189 -756 741 768 -616 532 889 -746 681 313 -245 -533 750 409 52 760 347 942 30 -41 489 -437 483 875 91 359 64 -234 213 -450 -550 -331 -880 -393 272 -997 -67 581 -333 505 564 995 -34 138 139 -783 499 932 -979 -275 -949 -990 736 291 577 129 -729 544 -529 -837 -466 -181 -191 -766 894 -215 -302 821 332 -424 -15 -472 171 -918 -806 -690 -203 338 568 625 869 -781 -359 703 -346 806 179 256 -192 -778 180 374 -408 430 16 -833 518 250 -670 963 148 60 871 -117 772 410 199 184 -202 188 729 46 -665 -155 -382 -899 -565 710 690 787 -752 -461 587 795 -492 216 155 -434 -167 438 266 708 466 -699 646 297 802 -544 767 447 548 633 -208 507 -354 -20 -879 986 -172 695 142 173 883 -846 71 -725 -615 285 -717 718 -613 -47 955 749 -590 239 404 177 791 292 -38 -485 -603 -737 -714 -248 -451 -310 -775 -820 -614 451 508 -707 160 674 -832 -309 352 351 137 -103 -18 -296 -988 363 187 -284 87 -194 220 425 566 235 -195 424 -52 -896 -272 949 -313 -653 234 75 -255 482 279 -995 186 269 -102 591 312 685 364 781 -286 -644 -161 -581 226 -679 -1000 712 -940 -488 -301 -106 -920 -745 815 -607 -478 -504 274 962 887 -763 315 -897 428 812 -944 867 -954 957 761 -318 357 -190 93 -751 -966 468 -635 721 615 -705 -367 286 -474 655 -609 443 469 194 449 417 -574 -138 -101 42 -173 747 -797 -569 527 190 452 613 37 -146 -686 -444 -355 -505 141 604 484 223 -946 -758 704 996 -612 -596 -555 -597 -435 -587 -454 -810 61 -411 406 -228 -353
-350 -438 279 333 656 -521 -207 -804 -349 -616 -858 762 499 997 350 -224 -458 -667 -406 519 -211 188 -165 196 -527 129 455 725 227 959 -64 790 -217 341 -642 260 -710 -726 860 169 83 -372 452 590 -281 62 -603 857 -840 149 535 -929 816 919 -687 395 61 -42 758 -856 384 -54 398 -393 611 796 964 -153 598 -170 -798 -664 877 -607 778 40 -949 308 267 -9 -613 -658 -117 538 -959 633 -111 224 136 930 -530 -154 -845 -600 -101 -693 -323 -308 354 93 -767 766 722 -485 -206 -884 784 -818 29 -624 551 728 231 -142 783 18 -919 250 -855 -562 -85 741 -800 324 -171 -325 -943 -556 -307 652 -699 113 901 -497 -164 -980 -629 -965 -222 -947 -122 960 710 138 176 -305 450 203 -928 463 414 -187 331 897 401 -251 -144 782 348 986 461 717 753 973 -283 -63 -971 -807 257 -100 971 165 992 387 915 -546 96 508 -489 -914 608 69 16 -850 312 -37 -843 -531 -544 -831 -753 -663 -950 -857 -204 334 -863 110 -605 494 751 585 991 338 -301 220 -561 987 -351 548 191 -371 -412 974 -273 -564 -270 -930 618 177 913 -209 -683 579 -279 841 760 -225 -698 120 -514 466 -303 -816 -161 222 -107 -883 -398 686 -312 -757 -352 729 805 -606 984 844 851 -690 -168 -469 80 -615 555 542 386 -532 -182 693 -960 -969 299 600 -152 318 706 374 -235 217 27 -578 -115 764 -602 -116 -363 820 -563 483 -255 -551 4 -431 381 402 -689 976 -566 256 -791 -456 9 -99 -688 763 294 -789 -321 -760 -342 376 -614 -742 -645 276 972 -714 582 -296 316 610 928 457 134 -446 205 434 -778 828 -193 -448 -920 162 537 -226 -450 425 709 -462 -984 -202 -572 -88 -990 82 -149 672 -935 -747 -705 -380 933 -337 -844 697 390 720 66 -475 776 -676 -792 -732 -454 -827 966 423 -96 223 -872 898 719 -725 127 471 -302 994 -425 -542 885 771 -13 779 -731 121 -433 945 781 -389 674 759 733 -870 363 576 -622 975 -783 -58 393 -864 507 -738 -453 34 -3 -19 -964 -179 130 -84 -403 -210 593 193 -75 716 -181 754 -291 -904 -879 -666 -958 396 352 922 -447 25 -538 -711 -34 -405 692 -451 918 451 -820 264 214 568 -697 755 940 -239 443 447 -190 -641 999 888 544 -560 -86 757 -932 746 388 -12 954 -970 939 664 -987 266 219 -628 459 -665 -424 -340 343 588 -328 584 -275 -824 -553 -620 -20 863 199 -918 -648 344 235 295 375 373 -163 -309 142 787 -396 849 970 -655 372 -402 511 883 -576 595 -268 -596 339 -367 947 955
-372 -430 149 -663 544 -453 814 -8 -536 -923 -791 558 -741 141 343 103 837 -1000 208 -557 44 -278 564 967 943 -770 151 50 356 -319 317 562 -169 -209 648 -183 290 650 425 891 -988 5 -762 -62 -287 -459 -877 -137 71 244 746 415 901 797 -462 540 742 800 -576 -383 28 -561 114 -167 -769 838 884 -426 26 -13 532 717 -818 162 384 -308 -987 349 -18 739 172 438 -468 171 -98 820 -219 63 265 137 -404 -48 -547 -546 213 -909 429 -231 -363 757 581 810 -216 936 767 376 300 -933 570 509 -579 769 204 32 -646 -888 -288 331 541 -274 -44 -54 336 630 -171 -577 -939 -461 -182 288 84 200 686 -521 -67 -337 626 -598 -228 789 -729 -794 -262 793 -263 606 -442 954 638 -353 -224 -554 629 -559 862 7 733 -973 -792 243 -761 632 824 758 -347 -840 -9 -298 -552 250 -458 -687 -476 590 479 -853 -828 -901 944 577 -50 -474 -37 689 67 -113 -602 886 -3 663 836 -630 -647 -524 523 -944 358 -87 -570 508 -670 -384 -705 -819 2 -29 237 892 -473 724 850 -393 -841 187 117 445 -303 -336 600 913 882 323 -196 468 313 -893 -813 -673 -172 135 -719 -264 780 284 611 798 805 -979 873 610 -682 476 37 -569 652 216 -980 -379 -480 -661 787 906 790 871 978 -203 -694 267 -496 197 -86 -388 -304 -887 835 13 -491 -935 603 946 422 -612 224 860 -586 -848 -564 -65 195 -934 -910 -784 477 506 -686 905 -531 -644 -697 339 660 85 -100 -146 110 -38 374 659 -878 -358 -234 -837 159 672 -478 -243 -811 553 261 -248 874 -959 -520 -436 -255 -82 -26 -712 52 -110 -706 -238 -208 879 -707 974 471 -322 -978 708 -786 701 772 279 801 -290 -449 262 470 768 100 525 -20 -222 -281 396 -218 448 -250 -32 734 -129 -145 634 -215 278 528 -904 246 480 -740 657 271 991 -499 881 -258 -422 -941 382 677 -936 530 732 488 533 190 179 -662 -650 -400 616 -989 -620 748 314 338 501 784 931 -872 -508 711 -608 -924 -526 999 -249 645 462 -387 97 695 548 -246 452 922 465 -85 -484 295 661 -220 -465 821 -585 917 236 -410 -982 467 -664 -950 206 -31 -212 -533 -542 -96 -671 280 411 281 -121 605 318 444 47 -809 973 464 578 602 -120 -437 700 796 -397 576 436 -245 451 933 941 953 -207 215 113 518 81 592 496 607 -629 -352 927 -854 -373 -99 434 575 -49 -78 -69 130 -14 -698 -790 -512 -41 -534 -345 675 379 940 259 911 -660 -306 -90 -364 -990 463 414 -229 -192 -503 -977 -545 786
-882 -605 866 904 763 353 -994 978 706 -194 373 -783 4 -649 -545 -713 580 461 -965 -392 -793 834 -504 -343 984 -131 578 -726 828 121 -575 -158 -813 636 682 323 29 -428 -926 -445 883 -975 -326 -322 -389 208 -233 -447 141 447 -401 952 703 799 448 709 541 168 375 259 -787 973 -297 747 -373 641 779 579 -377 -270 -931 749 638 378 -848 -563 -329 -810 -871 686 166 -323 948 -687 710 -837 630 -527 -809 983 210 72 -590 46 -465 -619 -913 864 -737 -152 -271 -23 -387 -444 -542 527 -148 940 -872 556 -571 -797 693 212 -30 -409 -960 -379 -400 450 -429 -908 533 -906 516 -110 674 -560 892 301 -655 -287 326 -648 -295 389 -254 -243 -491 275 202 753 345 -317 969 -998 781 -109 -398 546 919 667 938 160 -607 642 592 619 343 155 -562 -644 -164 -696 549 -598 742 -209 67 310 -609 961 -361 691 839 848 -781 -864 -353 123 -293 -480 -161 960 331 -671 293 330 -311 -347 493 -807 74 965 120 267 -720 -7 -239 240 409 714 -180 -272 -561 -207 802 38 902 -741 844 727 850 -691 -868 398 364 -699 645 634 454 173 -777 -786 -593 -168 -624 -134 158 -943 190 -552 768 618 -551 382 -184 -616 429 -869 633 393 -394 136 93 273 935 -767 562 522 112 145 565 -997 405 -358 995 -222 -492 -53 122 -395 -938 603 721 -330 -707 -967 -505 -154 -430 -143 156 -117 -55 586 -985 -830 274 762 -578 -346 -923 -128 -414 -845 60 -294 180 -875 221 -494 -282 294 761 288 -764 842 -288 -883 -669 13 -223 -65 -558 359 661 -799 696 -48 -245 -819 -827 -157 223 92 -328 -495 830 911 -586 256 958 347 885 252 950 -988 -218 408 652 -32 782 733 472 -368 -454 797 -125 308 -933 220 -407 570 109 344 -656 146 663 615 395 -246 -352 -315 537 -792 -257 -632 492 794 284 419 532 635 818 817 -214 -355 -43 -861 -839 808 765 -302 925 -17 131 977 -170 -416 -300 766 -658 -260 928 -623 -567 361 132 179 -244 218 646 40 -424 964 796 629 699 -743 -309 523 -71 -227 718 -641 249 741 908 872 520 783 333 668 115 -715 114 -224 82 -308 -64 622 -959 -524 913 732 59 262 -601 -39 -171 -660 -732 304 -310 -502 -639 236 -123 -955 655 -345 -501 -539 773 -782 -516 -951 -259 -826 251 -384 -107 852 -712 -215 -124 281 486 -137 -360 947 -362 -126 265 884 -755 810 -582 -752 -735 135 178 -672 -990 -705 213 164 -678 -825 -159 906 955 -338 583 336 -381 -613 -306 -886 -319 -771 -549 -775 -268 -919 937 -225 -86 -173
338 -21 48 873 -903 15 408 242 856 841 -978 898 -991 260 -121 -729 -102 14 -714 -864 -999 785 733 -559 -512 -584 129 640 -853 -459 460 -352 318 -66 -787 608 -147 304 435 -552 -493 -543 155 946 -775 -141 -683 731 -4 -473 935 -668 -780 44 -361 -257 210 921 -265 -371 -342 -14 877 -983 447 838 819 691 -788 442 -307 341 -764 293 -77 -669 -694 284 546 -681 -691 -272 605 139 -203 -748 787 -219 -213 906 -82 -143 -922 636 175 265 964 -943 324 236 803 597 -596 658 -924 -354 61 -480 -689 -266 -123 586 294 650 796 -657 -51 641 419 108 417 621 -88 112 928 180 -737 172 619 -441 -98 -151 -113 -404 -357 524 -25 578 -274 924 465 685 -588 316 620 957 -687 432 245 367 -381 -466 889 -187 -672 -933 214 -177 -526 519 -46 -263 259 -989 622 -910 573 936 -587 758 429 -540 490 610 -549 926 152 -297 740 -117 560 -65 896 -911 49 -647 -133 777 855 -804 970 674 -818 541 321 2 -997 878 897 248 -753 -156 951 -479 -622 -399 428 809 -339 -975 0 -935 331 22 -13 57 -586 29 661 -628 -869 431 6 -81 843 -393 -724 -262 398 -520 -304 663 -860 900 -299 948 -234 -745 -368 -109 -411 -189 917 -640 -782 930 75 553 865 500 -589 -38 839 -444 -601 13 -492 -835 101 346 -662 -673 -867 -226 -794 804 -271 -908 825 -412 255 826 556 907 -54 -929 701 -214 488 212 351 -454 -36 -583 -828 -961 -379 27 481 478 -666 -827 254 -395 -742 247 -394 314 -5 -696 -414 -639 -49 200 976 -542 103 818 751 881 -193 768 -60 -706 270 -209 575 788 923 -134 695 401 -288 770 579 -498 966 -728 307 342 491 892 -883 791 -572 -184 -738 -693 872 -821 -225 940 -953 -557 -276 -956 -808 991 -926 -856 352 593 59 673 794 -228 -825 813 320 382 -884 -333 457 -902 537 675 305 778 -100 -777 649 -965 397 73 76 -72 -654 -67 827 -649 -667 -167 137 -12 561 -747 143 -904 555 50 115 -560 859 949 -501 379 -191 193 -909 370 477 846 -581 450 693 285 532 676 611 -285 880 474 -418 237 -813 43 612 489 -71 395 549 901 -9 544 403 614 74 -837 666 -17 288 195 12 -801 327 -10 -814 -535 703 -181 119 -314 -149 -146 182 609 -546 -733 -204 -612 4 169 159 -471 124 -99 357 -784 -487 -413 31 197 -19 291 233 -363 -917 204 99 -550 -955 -138 231 -920 87 -322 -45 655 422 56 173 938 -212 340 -472 -198 934 702 -478 -175 864 476 698 -84 -460 848 400 -282 -849 829
310 815 -382 -115 126 -827 -433 463 -824 -611 857 127 513 501 -150 -483 884 -60 123 345 555 873 693 135 905 895 -108 391 469 149 -80 -221 -818 487 -61 511 970 -230 381 389 -509 -412 -931 -571 -747 -400 -894 248 -676 -566 807 -518 -882 -295 -505 601 975 -240 898 866 446 -92 927 -553 804 -516 -326 73 853 -16 172 -288 753 864 -995 985 956 -422 810 854 68 -234 -184 868 -500 317 325 812 -768 -434 146 778 877 951 -458 -745 -679 -323 673 -591 -912 -164 -838 683 880 246 -559 -940 290 -993 -728 -153 -448 -156 -402 173 275 675 822 989 609 -431 650 -330 -867 -403 -71 -385 -705 33 748 258 652 23 488 -284 628 -142 481 -861 937 901 -615 -296 78 -419 -682 525 542 18 -821 -727 378 -739 759 -476 -713 167 848 -218 954 256 -687 724 380 -386 224 -984 -43 600 -508 -336 -210 -451 -895 -293 296 -31 828 801 694 101 373 387 -579 -73 439 -952 -549 -492 -608 -786 -678 624 871 -991 -843 -616 577 333 -347 -76 45 -283 958 616 -130 897 -860 185 630 782 -340 -767 -380 402 269 71 -319 808 -598 0 359 -81 289 -962 -406 312 -778 586 869 -207 364 -890 -99 -137 144 -740 35 725 -794 471 -997 761 384 349 743 -701 -850 278 928 -996 287 711 -712 -290 199 -294 -844 339 -756 634 666 597 -370 21 -766 -285 161 424 -790 703 -227 100 739 -874 695 -174 -57 -118 668 692 -949 -59 849 879 -829 -960 65 998 -953 -180 -135 763 -459 -864 347 913 -188 -310 219 -653 613 -547 175 176 40 467 -586 452 379 967 503 -884 945 -445 90 85 414 580 -217 -963 813 -491 721 -78 838 723 -213 726 -594 -565 118 -856 644 -258 -906 -726 863 319 -804 -224 -789 491 426 885 -779 -139 -507 44 103 -751 432 -41 200 303 -943 938 862 -990 -490 82 -575 -181 -797 2 -810 553 -908 473 537 792 799 623 -289 171 -366 796 900 494 618 -55 -248 -878 -271 806 733 182 -254 784 -694 -562 -627 -968 -717 476 -635 396 -384 833 539 -415 715 749 -944 746 899 60 369 -38 -47 836 -614 -618 -621 398 -760 684 -521 449 -782 556 86 659 -744 -629 247 528 465 -742 222 -437 554 332 -50 544 640 184 110 -693 870 -780 25 507 271 130 699 551 891 480 825 -951 293 713 -576 334 -242 -49 205 70 -839 -795 598 -291 -35 -116 -831 -157 214 -706 -479 -855 -973 805 636 -852 904 -79 382 -815 150 464 -46 -481 -927 170 -5 -954 -806 625 -177 -328 -719 -624 735 56 -389 -555 -590 -236
114 335 -226 -99 -215 -742 -500 564 -107 522 -910 472 -643 -507 -681 992 711 179 490 -836 250 246 -335 -521 -145 373 -45 75 -148 -739 -365 -63 -71 -923 -646 152 332 -463 895 -140 817 -196 -189 599 259 -51 100 783 28 -655 394 -534 188 -93 767 123 -802 377 964 -925 261 238 -956 -59 -158 -564 129 887 -115 -47 -788 -884 514 576 532 838 -198 -174 212 -425 430 299 -259 883 131 390 719 41 -79 405 -74 -378 286 -824 940 -584 879 -591 -984 -342 407 -632 -778 317 526 197 -468 -684 537 55 -320 322 944 85 -67 -722 822 -73 606 563 -995 316 195 447 -245 86 -612 759 994 -39 983 -49 -475 -173 -650 702 -865 -9 -909 427 284 -290 433 -830 706 -652 821 -417 -219 -620 231 94 -868 -326 894 -692 -623 -786 -162 29 -834 -983 681 -264 350 -172 -930 69 -803 991 -580 -965 223 701 98 -986 605 -379 956 -268 177 -465 -994 -718 945 996 -772 -451 241 260 904 -125 531 76 -28 -665 -234 538 -328 668 -280 -1 -771 245 434 -428 370 -673 -202 -768 -292 -450 -639 -879 209 730 758 -749 525 841 -321 536 -548 -337 127 227 -401 -514 -403 19 90 331 928 92 -114 -316 -368 392 -733 829 -724 967 -235 -708 -795 -903 931 -948 -410 -770 -551 262 903 81 529 167 17 -506 -683 693 727 -825 -110 941 849 718 -748 174 -336 544 -16 -588 337 598 -188 -997 -298 354 416 468 -592 -669 852 -211 -134 483 -725 172 -928 -875 415 -341 -876 213 -777 590 731 -628 210 880 -678 -864 885 387 -175 285 -306 -618 301 -88 109 -530 3 -505 -352 237 708 640 -759 646 782 806 -26 440 -323 779 292 962 836 914 0 950 -286 140 -660 83 775 872 -776 -550 -657 542 851 641 410 418 -736 -559 634 -606 -695 -182 424 -532 -244 -680 496 -605 304 617 124 -354 703 -753 142 -299 451 -826 360 239 -95 -149 652 365 -242 -767 362 -21 508 501 -638 513 -566 -920 812 -686 -53 -835 327 -345 -479 139 943 -485 644 -127 493 40 -504 -116 -333 -658 699 -361 347 756 326 -109 -735 -589 218 985 -758 358 379 72 428 -393 -407 -595 674 207 -221 116 683 816 473 832 757 704 325 255 -420 161 -409 -812 -414 -7 44 -625 633 59 -895 -714 -696 -845 -395 477 324 -520 -630 -54 -621 989 235 684 -644 896 859 454 -831 -487 612 814 734 -882 32 -164 -339 -397 527 330 419 -598 -413 67 958 -98 -375 -533 669 -205 118 -602 871 318 745 535 -907 511 240 412 -501 372 551 876 519 463 363 -406
429 -343 -9 243 -766 -196 -243 38 -926 -929 917 248 -833 -653 -6 -842 784 -314 -627 -886 -65 -278 282 738 18 -203 -224 -436 433 182 163 801 246 516 604 587 -412 238 381 -255 964 -126 -889 -461 -515 -39 -37 544 391 643 107 -912 -32 -935 457 -407 657 -828 382 40 822 -212 -710 -782 775 602 403 955 481 -655 861 164 102 733 251 567 -411 -222 216 -352 651 -904 -316 913 700 -909 -454 -485 936 -381 -391 313 160 -786 -105 486 -389 215 -141 -433 -640 800 -112 579 114 -106 213 718 76 -232 882 338 188 945 580 -349 -297 459 971 255 616 253 -100 185 -689 720 -845 -270 -476 -64 229 138 447 -701 -948 804 -355 475 139 -636 -979 956 -739 432 250 -92 -154 357 -131 -83 887 413 -536 -437 -649 653 499 -94 949 -74 339 884 -225 929 -376 689 966 427 -128 637 -646 -325 682 420 -593 -304 985 739 -455 725 -311 195 921 -114 380 -977 438 512 -801 793 -543 119 -594 91 765 176 -49 797 178 -159 -606 -366 719 -31 237 -398 249 -561 296 -294 -478 151 -174 -599 -953 309 875 -385 758 854 -856 -787 759 365 -3 -817 464 212 -20 514 853 52 -144 -228 752 -641 748 327 728 -425 -878 675 600 -673 881 509 821 961 22 818 988 794 660 -862 -353 -493 -14 -153 -658 -907 730 -160 221 588 -671 914 -744 -244 -59 -770 -719 -272 845 205 -900 -816 -386 2 -721 361 -531 -864 838 291 157 962 -518 670 -334 925 269 -623 -450 85 -745 745 -214 -72 -639 37 907 -667 -783 -103 999 -410 -652 674 261 -523 944 117 840 704 276 -914 939 -534 -690 -747 126 125 260 -730 753 -898 197 -465 -937 236 -564 -951 -442 548 -479 -350 -529 -286 -63 877 764 -28 -155 -268 -147 -271 -958 130 -976 -220 -424 -589 -464 937 -8 -253 697 230 127 416 -621 -753 -686 -858 -1000 -943 278 601 648 -795 611 -952 -974 -97 -576 -579 920 -619 166 -93 -767 -692 807 297 -313 -638 430 23 -601 210 334 -27 -208 124 825 663 -213 948 -281 -715 347 -378 -517 795 193 -484 -403 336 -728 -12 -821 469 -470 220 582 974 206 100 92 -915 -982 -668 -99 690 649 688 295 -802 -123 1 -965 290 -737 59 755 55 -134 -467 90 963 -53 973 -635 -573 -357 -988 -233 -30 -968 -149 -273 498 -612 614 -178 569 -546 -125 -902 983 -891 564 828 891 -52 -347 -538 -513 89 -628 846 -704 -108 847 371 902 -723 -574 -776 869 200 -168 146 815 -2 -537 440 275 179 831 483 833 -774 -600 -614 -611 994 -548 -793 399
10 255 -560 201 205 -840 444 -66 719 -43 899 559 174 48 -297 518 835 569 -657 846 983 115 -53 338 695 762 825 -945 67 -509 -165 172 -326 -864 -408 128 -141 -31 667 -320 153 546 432 208 583 863 -21 -311 483 -617 -543 -60 -802 -630 726 -410 698 -820 -118 769 534 -720 -349 -779 -223 735 -386 62 844 -925 419 -808 -683 -415 -51 512 -894 -676 240 -773 390 632 -244 89 980 -207 385 -164 528 506 854 -895 -400 377 105 535 -496 536 778 218 -635 -751 -238 501 379 -324 -237 47 -531 -110 96 -841 475 248 640 -419 530 -953 -447 -115 -1000 997 672 -903 -429 789 -861 437 554 -671 -503 -88 -865 -564 624 396 -535 -132 -228 -829 -614 960 563 861 -598 -772 -795 862 552 253 -658 773 433 -389 -427 193 -323 312 790 -765 886 -49 -774 -316 130 -891 804 -218 770 -654 606 -332 871 334 -167 -514 874 -269 973 137 910 -678 -929 146 809 304 820 -914 68 267 -113 -351 928 -149 223 524 -222 -367 -933 196 893 36 -584 729 249 523 991 129 383 792 -540 292 994 -224 423 887 -799 -350 885 -74 717 -45 -956 -368 -750 -434 824 181 591 -5 -927 88 439 -537 19 842 110 683 -856 446 -6 199 -780 175 -557 -219 851 71 -57 -691 -135 848 580 -388 -286 142 -517 6 -119 228 463 -984 45 782 -402 157 -486 865 -303 651 645 -525 -563 -395 833 -157 332 361 -727 83 152 -874 447 688 -606 -646 42 955 849 -549 758 -970 311 -312 319 -586 -381 -834 -610 551 -645 -493 -431 154 -961 -52 822 -749 -236 923 -530 -694 -555 516 786 692 -783 -362 21 665 514 -871 339 491 -168 586 732 26 150 581 -544 221 340 613 663 -491 -451 -374 573 416 -706 793 996 -294 -805 189 467 404 -888 670 513 661 -732 -472 163 326 162 -506 191 -481 -665 -580 918 -781 710 957 -879 -634 870 617 829 -744 -558 -153 859 827 -101 -901 -261 -907 -159 -836 818 -910 -91 760 435 133 -370 -655 -38 -562 -89 -762 138 -145 -674 278 -597 -328 500 -477 -877 -898 -845 -260 -2 -418 751 7 -221 677 502 -701 -556 166 -629 -48 116 274 -753 11 -709 812 -542 607 -353 797 20 314 -921 -785 -305 601 -308 853 -68 -399 -857 937 -478 526 706 414 186 -55 -934 -710 -867 410 -448 -453 609 714 -823 -36 561 -9 768 30 -889 397 -449 -855 -258 873 819 -439 140 -722 707 985 -150 879 679 -807 217 97 -12 -246 -539 763 -16 943 -355 -993 783 159 325 -920 -255 72 976 508 -330 393 234 900 -801 333
